C51 COMPILER V9.52.0.0   MAIN                                                              03/13/2024 15:02:51 PAGE 1   


C51 COMPILER V9.52.0.0, COMPILATION OF MODULE MAIN
OBJECT MODULE PLACED IN main.OBJ
COMPILER INVOKED BY: D:\Program Files (x86)\Keil\C51\BIN\C51.EXE main.c BROWSE DEBUG OBJECTEXTEND

line level    source

   1          #include "reg52.h"
   2          #include "motor.h"
   3          #include "delay.h"
   4          
   5          sbit leftSensor = P2^7;
   6          sbit rightSensor = P2^6;
   7          
   8          
   9          void main(void)
  10          {
  11   1      
  12   1              //下方小车两个模块都能反射回来红外，输出低电平，灯亮，直走
  13   1              
  14   1              
  15   1              //上方小车左模块遇到黑线，红外被吸收，左模块输出高电平，右模块输出
             -低电平，左转，反之右转
  16   1      
  17   1          
  18   1          while (1) {
  19   2              
  20   2              if (leftSensor == 0 && rightSensor == 0) {
  21   3                  goForward();
  22   3              
  23   3              }
  24   2      
  25   2              if (leftSensor == 1 && rightSensor == 0) {
  26   3                  goLeft();
  27   3              }
  28   2              
  29   2              if (leftSensor == 0 && rightSensor == 1) {
  30   3                  goRight();
  31   3              }       
  32   2              
  33   2              if (leftSensor == 1 && rightSensor == 1) {
  34   3                  Stop();
  35   3              } 
  36   2              
  37   2      
  38   2              
  39   2          }
  40   1      
  41   1      }


MODULE INFORMATION:   STATIC OVERLAYABLE
   CODE SIZE        =     38    ----
   CONSTANT SIZE    =   ----    ----
   XDATA SIZE       =   ----    ----
   PDATA SIZE       =   ----    ----
   DATA SIZE        =   ----    ----
   IDATA SIZE       =   ----    ----
   BIT SIZE         =   ----    ----
END OF MODULE INFORMATION.


C51 COMPILATION COMPLETE.  0 WARNING(S),  0 ERROR(S)
