C51 COMPILER V9.52.0.0   MAIN                                                              03/20/2022 19:37:51 PAGE 1   


C51 COMPILER V9.52.0.0, COMPILATION OF MODULE MAIN
OBJECT MODULE PLACED IN main.OBJ
COMPILER INVOKED BY: D:\Program Files (x86)\Keil\C51\BIN\C51.EXE main.c BROWSE DEBUG OBJECTEXTEND TABS(2)

line level    source

   1          #include "reg52.h"
   2          #include "hc04.h"
   3          #include "delay.h"
   4          #include "sg90.h"
   5          
   6          #define MIDDLE 0
   7          #define LEFT 1
   8          #define RIGHT 2
   9          
  10          void main()
  11          {
  12   1        char dir;
  13   1        
  14   1        double disMiddle;
  15   1        double disLeft;
  16   1        double disRight;
  17   1        
  18   1        Time0Init();
  19   1        Time1Init();
  20   1        //舵机的初始位置
  21   1      
  22   1        sgMiddle();
  23   1        Delay300ms();
  24   1        Delay300ms();
  25   1        dir = MIDDLE;
  26   1        
  27   1        while(1){
  28   2          
  29   2          if(dir != MIDDLE){
  30   3            sgMiddle();
  31   3            dir = MIDDLE;
  32   3            Delay300ms();
  33   3          }
  34   2          disMiddle = get_distance();
  35   2          
  36   2          if(disMiddle > 35){
  37   3            //前进
  38   3          }
  39   2          else
  40   2          {
  41   3            //停止
  42   3            //测左边距离
  43   3            sgLeft();
  44   3            
  45   3            Delay300ms();
  46   3            disLeft = get_distance();
  47   3            
  48   3            sgMiddle();
  49   3            Delay300ms();
  50   3            
  51   3            sgRight();
  52   3            dir = RIGHT;
  53   3            Delay300ms();
  54   3            disRight = get_distance();
  55   3            
C51 COMPILER V9.52.0.0   MAIN                                                              03/20/2022 19:37:51 PAGE 2   

  56   3          }
  57   2          
  58   2        }
  59   1      }
  60          
  61          
  62          
  63          
  64          
  65          


MODULE INFORMATION:   STATIC OVERLAYABLE
   CODE SIZE        =    109    ----
   CONSTANT SIZE    =   ----    ----
   XDATA SIZE       =   ----    ----
   PDATA SIZE       =   ----    ----
   DATA SIZE        =   ----      13
   IDATA SIZE       =   ----    ----
   BIT SIZE         =   ----    ----
END OF MODULE INFORMATION.


C51 COMPILATION COMPLETE.  0 WARNING(S),  0 ERROR(S)
