C51 COMPILER V9.52.0.0   DELAY                                                             03/14/2024 14:08:40 PAGE 1   


C51 COMPILER V9.52.0.0, COMPILATION OF MODULE DELAY
OBJECT MODULE PLACED IN delay.OBJ
COMPILER INVOKED BY: D:\Program Files (x86)\Keil\C51\BIN\C51.EXE delay.c BROWSE DEBUG OBJECTEXTEND

line level    source

   1          #include "intrins.h"
   2          
   3          void Delay150ms()               //@11.0592MHz
   4          {
   5   1              unsigned char i, j, k;
   6   1      
   7   1              _nop_();
   8   1              _nop_();
   9   1              i = 7;
  10   1              j = 78;
  11   1              k = 167;
  12   1              do
  13   1              {
  14   2                      do
  15   2                      {
  16   3                              while (--k);
  17   3                      } while (--j);
  18   2              } while (--i);
  19   1      }
  20          
  21          
  22          
  23          void Delay2000ms()              //@11.0592MHz
  24          {
  25   1              unsigned char i, j, k;
  26   1      
  27   1              _nop_();
  28   1              i = 15;
  29   1              j = 2;
  30   1              k = 235;
  31   1              do
  32   1              {
  33   2                      do
  34   2                      {
  35   3                              while (--k);
  36   3                      } while (--j);
  37   2              } while (--i);
  38   1      }
  39          
  40          
  41          
  42          
  43          
  44          void Delay10us()                //@11.0592MHz
  45          {
  46   1              unsigned char i;
  47   1      
  48   1              i = 2;
  49   1              while (--i);
  50   1      }
  51          
  52          
  53          void Delay30ms()                //@11.0592MHz
  54          {
  55   1              unsigned char i, j, k;
C51 COMPILER V9.52.0.0   DELAY                                                             03/14/2024 14:08:40 PAGE 2   

  56   1      
  57   1              _nop_();
  58   1              _nop_();
  59   1              i = 2;
  60   1              j = 67;
  61   1              k = 183;
  62   1              do
  63   1              {
  64   2                      do
  65   2                      {
  66   3                              while (--k);
  67   3                      } while (--j);
  68   2              } while (--i);
  69   1      }
  70          
  71          


MODULE INFORMATION:   STATIC OVERLAYABLE
   CODE SIZE        =     49    ----
   CONSTANT SIZE    =   ----    ----
   XDATA SIZE       =   ----    ----
   PDATA SIZE       =   ----    ----
   DATA SIZE        =   ----    ----
   IDATA SIZE       =   ----    ----
   BIT SIZE         =   ----    ----
END OF MODULE INFORMATION.


C51 COMPILATION COMPLETE.  0 WARNING(S),  0 ERROR(S)
