C51 COMPILER V9.52.0.0   MAIN                                                              03/14/2024 14:08:40 PAGE 1   


C51 COMPILER V9.52.0.0, COMPILATION OF MODULE MAIN
OBJECT MODULE PLACED IN main.OBJ
COMPILER INVOKED BY: D:\Program Files (x86)\Keil\C51\BIN\C51.EXE main.c BROWSE DEBUG OBJECTEXTEND

line level    source

   1          #include "reg52.h"
   2          #include "intrins.h"
   3          #include "hc04.h"
   4          #include "delay.h"
   5          #include "sg90.h"
   6          #include "motor.h"
   7          
   8          #define MIDDLE 0
   9          #define LEFT   1
  10          #define RIGHT  2
  11          
  12          
  13          
  14          void main(void)
  15          {
  16   1          char dir;
  17   1          
  18   1          double disMiddle;
  19   1          double disLeft;
  20   1          double disRight;
  21   1      
  22   1          Time0Init();
  23   1          Time1Init();
  24   1      
  25   1          sgMiddle();
  26   1          Delay150ms();
  27   1      
  28   1           
  29   1          dir = MIDDLE;
  30   1      
  31   1          while (1) {
  32   2              if (dir != MIDDLE) {
  33   3                  sgMiddle();
  34   3                  dir = MIDDLE;
  35   3                  Delay150ms();
  36   3                              
  37   3              }
  38   2                      
  39   2              disMiddle = get_distance();
  40   2              
  41   2              if (disMiddle > 35) {
  42   3                  goForward();
  43   3                  
  44   3              } else if (disMiddle < 10) {
  45   3                  goBack();
  46   3              
  47   3                  
  48   3              } else {
  49   3                  Stop();
  50   3                  sgLeft();
  51   3                  Delay150ms();
  52   3                  
  53   3                  disLeft = get_distance();
  54   3                  
  55   3                  sgMiddle();
C51 COMPILER V9.52.0.0   MAIN                                                              03/14/2024 14:08:40 PAGE 2   

  56   3                  Delay150ms();
  57   3                  
  58   3                  
  59   3                  sgRight();
  60   3                  dir = RIGHT;
  61   3                  Delay150ms();
  62   3                  
  63   3                  disRight = get_distance();
  64   3      
  65   3                  if (disLeft < disRight) {
  66   4                      goRight();
  67   4                      Delay150ms();
  68   4                      Stop();
  69   4                  }
  70   3      
  71   3                  
  72   3                  if (disRight < disLeft) {
  73   4                      goLeft();
  74   4                      Delay150ms();
  75   4                      Stop();
  76   4                  }
  77   3                  
  78   3                                          
  79   3              } 
  80   2              
  81   2      
  82   2          }
  83   1      }
  84          
  85          
  86          


MODULE INFORMATION:   STATIC OVERLAYABLE
   CODE SIZE        =    195    ----
   CONSTANT SIZE    =   ----    ----
   XDATA SIZE       =   ----    ----
   PDATA SIZE       =   ----    ----
   DATA SIZE        =   ----      13
   IDATA SIZE       =   ----    ----
   BIT SIZE         =   ----    ----
END OF MODULE INFORMATION.


C51 COMPILATION COMPLETE.  0 WARNING(S),  0 ERROR(S)
