C51 COMPILER V9.52.0.0   MAIN                                                              03/13/2024 20:42:49 PAGE 1   


C51 COMPILER V9.52.0.0, COMPILATION OF MODULE MAIN
OBJECT MODULE PLACED IN main.OBJ
COMPILER INVOKED BY: D:\Program Files (x86)\Keil\C51\BIN\C51.EXE main.c BROWSE DEBUG OBJECTEXTEND

line level    source

   1          #include "reg52.h"
   2          #include "intrins.h"
   3          #include "hc04.h"
   4          #include "delay.h"
   5          #include "sg90.h"
   6          
   7          
   8          
   9          
  10          void main(void)
  11          {
  12   1      
  13   1          double dis;
  14   1      
  15   1          Time0Init();
  16   1          Time1Init();
  17   1          
  18   1          initSG90_0();
  19   1          
  20   1          
  21   1      
  22   1          while (1) {
  23   2      
  24   2              dis = get_distance();
  25   2              if (dis <10 ) {//如果小于10厘米，或者SW1按键按下去
  26   3      
  27   3                  //开盖，灯状态：D5亮
  28   3                  openStatusLight();
  29   3                  openBin();
  30   3                              
  31   3              }else {
  32   3                  //关盖，灯状态：D5亮
  33   3                  closeStatusLight();
  34   3                  closeBin();
  35   3                 
  36   3              }
  37   2      
  38   2          }
  39   1      }
  40          
  41          


MODULE INFORMATION:   STATIC OVERLAYABLE
   CODE SIZE        =     56    ----
   CONSTANT SIZE    =   ----    ----
   XDATA SIZE       =   ----    ----
   PDATA SIZE       =   ----    ----
   DATA SIZE        =   ----       4
   IDATA SIZE       =   ----    ----
   BIT SIZE         =   ----    ----
END OF MODULE INFORMATION.


C51 COMPILATION COMPLETE.  0 WARNING(S),  0 ERROR(S)
