C51 COMPILER V9.52.0.0   SG90                                                              03/13/2024 20:42:50 PAGE 1   


C51 COMPILER V9.52.0.0, COMPILATION OF MODULE SG90
OBJECT MODULE PLACED IN sg90.OBJ
COMPILER INVOKED BY: D:\Program Files (x86)\Keil\C51\BIN\C51.EXE sg90.c BROWSE DEBUG OBJECTEXTEND

line level    source

   1          #include "reg52.h"
   2          #include "delay.h"
   3          
   4          sbit D5 = P3^7;
   5          sbit D6 = P3^6;
   6          sbit sg90_con = P1^1;
   7          
   8          int angle;
   9          int cnt = 0;
  10          
  11          
  12          void Time0Init()
  13          {
  14   1      //1.配置定时器0工作模式为16位计时
  15   1          TMOD &= 0xF0; //设定定时器模式
  16   1          TMOD |= 0X01;
  17   1          //2.给初值，定一个10ms出来
  18   1          TL0 = 0x33;
  19   1          TH0 = 0XFE;
  20   1          //3.开始计时；
  21   1          TR0 = 1;
  22   1          TF0 = 0;
  23   1          //4.打开定时器1中断
  24   1          ET0 = 1;
  25   1          //5.打开总中断EA
  26   1          EA = 1;
  27   1      }
  28          
  29          
  30          void initSG90_0()
  31          {
  32   1          angle = 1; //初始角度是0度，0.5ms，溢出1就是0.5，高电平
  33   1          cnt = 0;
  34   1          sg90_con = 1;//一切开始从高电平开始
  35   1          
  36   1      }
  37          
  38          void openStatusLight()
  39          {
  40   1          D5 = 0;
  41   1          D6 = 1;
  42   1      }
  43          
  44          void closeStatusLight()
  45          {
  46   1          D5 = 1;
  47   1          D6 = 0;
  48   1      }
  49          
  50          
  51          
  52          
  53          void openBin()
  54          {
  55   1          angle = 3; //4 = 135度 2.0ms高电平  3 = 90度 5 = 180度
C51 COMPILER V9.52.0.0   SG90                                                              03/13/2024 20:42:50 PAGE 2   

  56   1          cnt = 0;
  57   1          Delay2000ms();
  58   1      }
  59          
  60          void closeBin()
  61          {
  62   1          angle = 1;
  63   1          cnt = 0;
  64   1          Delay150ms();
  65   1      }
  66          
  67          
  68          void Time0Handler() interrupt 1
  69          {
  70   1          
  71   1          cnt++; //统计爆表的次数  cnt=1的时候，爆表1
  72   1          
  73   1          //重新给初值
  74   1          TL0 = 0x33;
  75   1          TH0 = 0XFE;//重新给初值
  76   1          
  77   1          //控制PWM波
  78   1          if (cnt < angle) {
  79   2              sg90_con = 1;
  80   2          }else {
  81   2              sg90_con = 0;
  82   2          }
  83   1          
  84   1          if (cnt == 40) {
  85   2              cnt = 0;//当100次表示1s,重新让cnt从0开始，计算下一次的1s
  86   2              sg90_con = 1;
  87   2          }    
  88   1          
  89   1      }


MODULE INFORMATION:   STATIC OVERLAYABLE
   CODE SIZE        =    140    ----
   CONSTANT SIZE    =   ----    ----
   XDATA SIZE       =   ----    ----
   PDATA SIZE       =   ----    ----
   DATA SIZE        =      4    ----
   IDATA SIZE       =   ----    ----
   BIT SIZE         =   ----    ----
END OF MODULE INFORMATION.


C51 COMPILATION COMPLETE.  0 WARNING(S),  0 ERROR(S)
