C51 COMPILER V9.52.0.0   MAIN                                                              03/15/2024 14:42:13 PAGE 1   


C51 COMPILER V9.52.0.0, COMPILATION OF MODULE MAIN
OBJECT MODULE PLACED IN main.OBJ
COMPILER INVOKED BY: D:\Program Files (x86)\Keil\C51\BIN\C51.EXE main.c BROWSE DEBUG OBJECTEXTEND

line level    source

   1          #include "reg52.h"
   2          #include "motor.h"
   3          #include "delay.h"
   4          #include "uart.h"
   5          #include "time.h"
   6          #include "stdio.h"
   7          #include "string.h"
   8          #include "OLED.h"
   9          
  10          
  11          sbit speedIO = P3^2;//外部中断0
  12          unsigned int speedCnt = 0;
  13          
  14          extern unsigned int speed;
  15          extern char signal;
  16          
  17          char speedMessage[24];
  18          
  19          void Ex0Init()
  20          {
  21   1          EX0 = 1;//允许中断
  22   1          //EA = 1; //在串口初始化函数中已经打开了总中断
  23   1          IT0 = 1; //外部中断的下降沿触发
  24   1          
  25   1          
  26   1      }
  27          
  28          char putchar(char c)
  29          {
  30   1          SendByte(c);
  31   1          return c;
  32   1      }
  33          
  34          
  35          void main(void)
  36          {
  37   1          Time0Init();
  38   1          
  39   1          UartInit();//串口相关初始化
  40   1          
  41   1          Ex0Init();//外部中断初始化
  42   1          
  43   1          Oled_Init();
  44   1          
  45   1          Oled_Clear();
  46   1          
  47   1          while (1) {
  48   2              if (signal) {
  49   3                  sprintf(speedMessage,"speed:%d cm/s",speed);
  50   3                  printf("\r\n");
  51   3                  sendString(speedMessage);
  52   3                  
  53   3                 
  54   3                  
  55   3                  signal = 0;
C51 COMPILER V9.52.0.0   MAIN                                                              03/15/2024 14:42:13 PAGE 2   

  56   3                  
  57   3              }
  58   2              
  59   2               Oled_Show_Str(2,2,speedMessage);
  60   2                  
  61   2               memset(speedMessage,'\0',24);
  62   2          }
  63   1      
  64   1      }
  65          
  66          void speedHandler() interrupt 0
  67          {
  68   1          speedCnt++;
  69   1      
  70   1      }


MODULE INFORMATION:   STATIC OVERLAYABLE
   CODE SIZE        =    120    ----
   CONSTANT SIZE    =     17    ----
   XDATA SIZE       =   ----    ----
   PDATA SIZE       =   ----    ----
   DATA SIZE        =     26       1
   IDATA SIZE       =   ----    ----
   BIT SIZE         =   ----    ----
END OF MODULE INFORMATION.


C51 COMPILATION COMPLETE.  0 WARNING(S),  0 ERROR(S)
