C51 COMPILER V9.52.0.0   MAIN                                                              03/13/2024 21:08:38 PAGE 1   


C51 COMPILER V9.52.0.0, COMPILATION OF MODULE MAIN
OBJECT MODULE PLACED IN main.OBJ
COMPILER INVOKED BY: D:\Program Files (x86)\Keil\C51\BIN\C51.EXE main.c BROWSE DEBUG OBJECTEXTEND

line level    source

   1          #include "reg52.h"
   2          #include "intrins.h"
   3          #include "hc04.h"
   4          #include "delay.h"
   5          #include "sg90.h"
   6          
   7          
   8          
   9          
  10          void main(void)
  11          {
  12   1      
  13   1          double dis;
  14   1      
  15   1          Time0Init();
  16   1          Time1Init();
  17   1      
  18   1          sgMiddle();
  19   1          Delay150ms();    
  20   1      
  21   1          while (1) {
  22   2              
  23   2      
  24   2              sgLeft();
  25   2              Delay150ms();
  26   2              sgRight();
  27   2              Delay150ms();
  28   2              sgMiddle();
  29   2              Delay150ms();       
  30   2      
  31   2      
  32   2          }
  33   1      }
*** WARNING C280 IN LINE 13 OF main.c: 'dis': unreferenced local variable
  34          
  35          


MODULE INFORMATION:   STATIC OVERLAYABLE
   CODE SIZE        =     32    ----
   CONSTANT SIZE    =   ----    ----
   XDATA SIZE       =   ----    ----
   PDATA SIZE       =   ----    ----
   DATA SIZE        =   ----       4
   IDATA SIZE       =   ----    ----
   BIT SIZE         =   ----    ----
END OF MODULE INFORMATION.


C51 COMPILATION COMPLETE.  1 WARNING(S),  0 ERROR(S)
