C51 COMPILER V9.52.0.0   MAIN                                                              03/13/2024 17:22:42 PAGE 1   


C51 COMPILER V9.52.0.0, COMPILATION OF MODULE MAIN
OBJECT MODULE PLACED IN main.OBJ
COMPILER INVOKED BY: D:\Program Files (x86)\Keil\C51\BIN\C51.EXE main.c BROWSE DEBUG OBJECTEXTEND

line level    source

   1          #include "reg52.h"
   2          #include "motor.h"
   3          #include "delay.h"
   4          
   5          //循迹
   6          //sbit leftSensor = P2^7;
   7          //sbit rightSensor = P2^6;
   8          
   9          //跟随
  10          sbit leftSensor = P2^5;
  11          sbit rightSensor = P2^4;
  12          
  13          void main(void)
  14          {
  15   1      
  16   1              //下方小车两个模块都能反射回来红外，输出低电平，灯亮，直走
  17   1              
  18   1              
  19   1              //上方小车左模块遇到黑线，红外被吸收，左模块输出高电平，右模块输出
             -低电平，左转，反之右转
  20   1      
  21   1          
  22   1          while (1) {
  23   2              
  24   2              if (leftSensor == 0 && rightSensor == 0) {
  25   3                  goForward();
  26   3              
  27   3              }
  28   2      
  29   2              if (leftSensor == 1 && rightSensor == 0) {
  30   3                  goRight();
  31   3              }
  32   2              
  33   2              if (leftSensor == 0 && rightSensor == 1) {
  34   3                  goLeft();
  35   3              }       
  36   2              
  37   2              if (leftSensor == 1 && rightSensor == 1) {
  38   3                  Stop();
  39   3              } 
  40   2              
  41   2      
  42   2              
  43   2          }
  44   1      
  45   1      }


MODULE INFORMATION:   STATIC OVERLAYABLE
   CODE SIZE        =     38    ----
   CONSTANT SIZE    =   ----    ----
   XDATA SIZE       =   ----    ----
   PDATA SIZE       =   ----    ----
   DATA SIZE        =   ----    ----
   IDATA SIZE       =   ----    ----
C51 COMPILER V9.52.0.0   MAIN                                                              03/13/2024 17:22:42 PAGE 2   

   BIT SIZE         =   ----    ----
END OF MODULE INFORMATION.


C51 COMPILATION COMPLETE.  0 WARNING(S),  0 ERROR(S)
