C51 COMPILER V9.52.0.0   MOTOR                                                             03/12/2024 11:50:37 PAGE 1   


C51 COMPILER V9.52.0.0, COMPILATION OF MODULE MOTOR
OBJECT MODULE PLACED IN motor.OBJ
COMPILER INVOKED BY: D:\Program Files (x86)\Keil\C51\BIN\C51.EXE motor.c BROWSE DEBUG OBJECTEXTEND

line level    source

   1          #include "reg52.h"
   2          
   3          sbit RightConlA = P3^2;
   4          sbit RightConlB = P3^3;
   5          
   6          sbit LeftConlA = P3^4;
   7          sbit LeftConlB = P3^5;
   8          
   9          void goLeft()
  10          {
  11   1          LeftConlA = 0;
  12   1          LeftConlB = 0;
  13   1          
  14   1          RightConlA = 0;
  15   1          RightConlB = 1;
  16   1      
  17   1      }
  18          
  19          
  20          void goRight()
  21          {
  22   1          LeftConlA = 0;
  23   1          LeftConlB = 1;
  24   1          
  25   1          RightConlA = 0;
  26   1          RightConlB = 0;
  27   1      
  28   1      }
  29          
  30          
  31          
  32          void goForward()
  33          {
  34   1          LeftConlA = 0;
  35   1          LeftConlB = 1;
  36   1          
  37   1          RightConlA = 0;
  38   1          RightConlB = 1;
  39   1      
  40   1      }
  41          
  42          void goBack()
  43          {
  44   1          LeftConlA = 1;
  45   1          LeftConlB = 0;
  46   1          
  47   1          RightConlA = 1;
  48   1          RightConlB = 0;
  49   1      }
  50          
  51          
  52          void Stop()
  53          {
  54   1          LeftConlA = 0;
  55   1          LeftConlB = 0;
C51 COMPILER V9.52.0.0   MOTOR                                                             03/12/2024 11:50:37 PAGE 2   

  56   1          
  57   1          RightConlA = 0;
  58   1          RightConlB = 0;
  59   1      }
  60          
  61          
  62          
  63          
  64          


MODULE INFORMATION:   STATIC OVERLAYABLE
   CODE SIZE        =     45    ----
   CONSTANT SIZE    =   ----    ----
   XDATA SIZE       =   ----    ----
   PDATA SIZE       =   ----    ----
   DATA SIZE        =   ----    ----
   IDATA SIZE       =   ----    ----
   BIT SIZE         =   ----    ----
END OF MODULE INFORMATION.


C51 COMPILATION COMPLETE.  0 WARNING(S),  0 ERROR(S)
