C51 COMPILER V9.52.0.0   MAIN                                                              03/14/2024 11:29:45 PAGE 1   


C51 COMPILER V9.52.0.0, COMPILATION OF MODULE MAIN
OBJECT MODULE PLACED IN main.OBJ
COMPILER INVOKED BY: D:\Program Files (x86)\Keil\C51\BIN\C51.EXE main.c BROWSE DEBUG OBJECTEXTEND

line level    source

   1          #include "reg52.h"
   2          #include "intrins.h"
   3          #include "hc04.h"
   4          #include "delay.h"
   5          #include "sg90.h"
   6          
   7          #define MIDDLE 0
   8          #define LEFT   1
   9          #define RIGHT  2
  10          
  11          
  12          
  13          void main(void)
  14          {
  15   1          char dir;
  16   1          
  17   1          double disMiddle;
  18   1          double disLeft;
  19   1          double disRight;
  20   1      
  21   1          Time0Init();
  22   1          Time1Init();
  23   1      
  24   1          sgMiddle();
  25   1          Delay150ms();
  26   1      
  27   1           
  28   1          dir = MIDDLE;
  29   1      
  30   1          while (1) {
  31   2              if (dir != MIDDLE) {
  32   3                  sgMiddle();
  33   3                  dir = MIDDLE;
  34   3                  Delay150ms();
  35   3                              
  36   3              }
  37   2                      
  38   2              disMiddle = get_distance();
  39   2              
  40   2              if (disMiddle > 35) {
  41   3                  
  42   3              } else {
  43   3                  sgLeft();
  44   3                  Delay150ms();
  45   3                  
  46   3                  disLeft = get_distance();
  47   3                  
  48   3                  sgMiddle();
  49   3                  Delay150ms();
  50   3                  
  51   3                  
  52   3                  sgRight();
  53   3                  dir = RIGHT;
  54   3                  Delay150ms();
  55   3                  
C51 COMPILER V9.52.0.0   MAIN                                                              03/14/2024 11:29:45 PAGE 2   

  56   3                  disRight = get_distance();
  57   3                                          
  58   3              } 
  59   2              
  60   2      
  61   2          }
  62   1      }
  63          
  64          


MODULE INFORMATION:   STATIC OVERLAYABLE
   CODE SIZE        =    106    ----
   CONSTANT SIZE    =   ----    ----
   XDATA SIZE       =   ----    ----
   PDATA SIZE       =   ----    ----
   DATA SIZE        =   ----      13
   IDATA SIZE       =   ----    ----
   BIT SIZE         =   ----    ----
END OF MODULE INFORMATION.


C51 COMPILATION COMPLETE.  0 WARNING(S),  0 ERROR(S)
