C51 COMPILER V9.52.0.0   MAIN                                                              03/15/2024 11:11:09 PAGE 1   


C51 COMPILER V9.52.0.0, COMPILATION OF MODULE MAIN
OBJECT MODULE PLACED IN main.OBJ
COMPILER INVOKED BY: D:\Program Files (x86)\Keil\C51\BIN\C51.EXE main.c BROWSE DEBUG OBJECTEXTEND

line level    source

   1          #include "reg52.h"
   2          #include "intrins.h"
   3          #include "OLED.h"
   4          
   5          
   6          sbit scl = P1^2;
   7          sbit sda = P1^3;
   8          
   9          
  10          
  11          
  12          void main(void)
  13          {
  14   1          //1.OLED初始化
  15   1          Oled_Init();
  16   1          Oled_Clear();
  17   1          Oled_Show_Str(2,2,"Hello World!");
  18   1      
  19   1       
  20   1          while (1);
  21   1      }


MODULE INFORMATION:   STATIC OVERLAYABLE
   CODE SIZE        =     21    ----
   CONSTANT SIZE    =     13    ----
   XDATA SIZE       =   ----    ----
   PDATA SIZE       =   ----    ----
   DATA SIZE        =   ----    ----
   IDATA SIZE       =   ----    ----
   BIT SIZE         =   ----    ----
END OF MODULE INFORMATION.


C51 COMPILATION COMPLETE.  0 WARNING(S),  0 ERROR(S)
