C51 COMPILER V9.52.0.0   MAIN                                                              03/15/2024 16:51:11 PAGE 1   


C51 COMPILER V9.52.0.0, COMPILATION OF MODULE MAIN
OBJECT MODULE PLACED IN main.OBJ
COMPILER INVOKED BY: D:\Program Files (x86)\Keil\C51\BIN\C51.EXE main.c BROWSE DEBUG OBJECTEXTEND

line level    source

   1          #include "reg52.h"
   2          #include "motor.h"
   3          #include "delay.h"
   4          #include "uart.h"
   5          #include "time.h"
   6          #include "stdio.h"
   7          #include "string.h"
   8          #include "OLED.h"
   9          #include "esp8266.h"
  10          
  11          sbit speedIO = P3^2;//外部中断0
  12          unsigned int speedCnt = 0;
  13          
  14          extern unsigned int speed;
  15          extern char signal;
  16          
  17          char speedMessage[24];
  18          
  19          char FSSJ[] = "AT+CIPSEND=0,20\r\n";
  20          
  21          void Ex0Init()
  22          {
  23   1          EX0 = 1;//允许中断
  24   1          //EA = 1; //在串口初始化函数中已经打开了总中断
  25   1          IT0 = 1; //外部中断的下降沿触发
  26   1          
  27   1          
  28   1      }
  29          
  30          char putchar(char c)
  31          {
  32   1          SendByte(c);
  33   1          return c;
  34   1      }
  35          
  36          
  37          void main(void)
  38          {
  39   1          Time0Init();
  40   1          
  41   1          UartInit();//串口相关初始化
  42   1          Delay1000ms();
  43   1          
  44   1          initWifi_AP();//初始化wifi工作在AP模式
  45   1          
  46   1          waitConnect();//等待客户端的连接
  47   1      
  48   1          Ex0Init();//外部中断初始化
  49   1          
  50   1          Oled_Init();
  51   1          
  52   1          Oled_Clear();
  53   1          
  54   1          while (1) {
  55   2              if (signal) {
C51 COMPILER V9.52.0.0   MAIN                                                              03/15/2024 16:51:11 PAGE 2   

  56   3                              sendString(FSSJ);
  57   3                              Delay1000ms();            
  58   3                  sprintf(speedMessage,"speed:%d cm/s",speed);
  59   3                  printf("\r\n");
  60   3                  sendString(speedMessage);
  61   3                  
  62   3      
  63   3                  
  64   3                  signal = 0;
  65   3                  
  66   3              }
  67   2              
  68   2              Oled_Show_Str(2,2,speedMessage);
  69   2      
  70   2          }
  71   1      
  72   1      }
  73          
  74          void speedHandler() interrupt 0
  75          {
  76   1          speedCnt++;
  77   1      
  78   1      }


MODULE INFORMATION:   STATIC OVERLAYABLE
   CODE SIZE        =    126    ----
   CONSTANT SIZE    =     17    ----
   XDATA SIZE       =   ----    ----
   PDATA SIZE       =   ----    ----
   DATA SIZE        =     44       1
   IDATA SIZE       =   ----    ----
   BIT SIZE         =   ----    ----
END OF MODULE INFORMATION.


C51 COMPILATION COMPLETE.  0 WARNING(S),  0 ERROR(S)
