C51 COMPILER V9.52.0.0   MAIN                                                              03/11/2024 20:33:54 PAGE 1   


C51 COMPILER V9.52.0.0, COMPILATION OF MODULE MAIN
OBJECT MODULE PLACED IN main.OBJ
COMPILER INVOKED BY: D:\Program Files (x86)\Keil\C51\BIN\C51.EXE main.c BROWSE DEBUG OBJECTEXTEND

line level    source

   1          #include "reg52.h"
   2          
   3          sbit RightConlA = P3^2;
   4          sbit RightConlB = P3^3;
   5          
   6          sbit LeftConlA = P3^4;
   7          sbit LeftConlB = P3^5;
   8          
   9          void main(void)
  10          {
  11   1          LeftConlA = 1;
  12   1          LeftConlB = 0;
  13   1          
  14   1          RightConlA = 1;
  15   1          RightConlB = 0;
  16   1      
  17   1      }


MODULE INFORMATION:   STATIC OVERLAYABLE
   CODE SIZE        =      9    ----
   CONSTANT SIZE    =   ----    ----
   XDATA SIZE       =   ----    ----
   PDATA SIZE       =   ----    ----
   DATA SIZE        =   ----    ----
   IDATA SIZE       =   ----    ----
   BIT SIZE         =   ----    ----
END OF MODULE INFORMATION.


C51 COMPILATION COMPLETE.  0 WARNING(S),  0 ERROR(S)
