C51 COMPILER V9.52.0.0   DELAY                                                             03/12/2024 20:24:08 PAGE 1   


C51 COMPILER V9.52.0.0, COMPILATION OF MODULE DELAY
OBJECT MODULE PLACED IN delay.OBJ
COMPILER INVOKED BY: D:\Program Files (x86)\Keil\C51\BIN\C51.EXE delay.c BROWSE DEBUG OBJECTEXTEND

line level    source

   1          #include "intrins.h"
   2          
   3          void Delay1000ms()              //@11.0592MHz
   4          {
   5   1              unsigned char i, j, k;
   6   1      
   7   1              _nop_();
   8   1              i = 8;
   9   1              j = 1;
  10   1              k = 243;
  11   1              do
  12   1              {
  13   2                      do
  14   2                      {
  15   3                              while (--k);
  16   3                      } while (--j);
  17   2              } while (--i);
  18   1      }
  19          
  20          
  21          void Delay10ms()                //@11.0592MHz
  22          {
  23   1              unsigned char i, j;
  24   1      
  25   1              i = 18;
  26   1              j = 235;
  27   1              do
  28   1              {
  29   2                      while (--j);
  30   2              } while (--i);
  31   1      }


MODULE INFORMATION:   STATIC OVERLAYABLE
   CODE SIZE        =     23    ----
   CONSTANT SIZE    =   ----    ----
   XDATA SIZE       =   ----    ----
   PDATA SIZE       =   ----    ----
   DATA SIZE        =   ----    ----
   IDATA SIZE       =   ----    ----
   BIT SIZE         =   ----    ----
END OF MODULE INFORMATION.


C51 COMPILATION COMPLETE.  0 WARNING(S),  0 ERROR(S)
