C51 COMPILER V9.52.0.0   MOTOR                                                             03/12/2024 20:24:08 PAGE 1   


C51 COMPILER V9.52.0.0, COMPILATION OF MODULE MOTOR
OBJECT MODULE PLACED IN motor.OBJ
COMPILER INVOKED BY: D:\Program Files (x86)\Keil\C51\BIN\C51.EXE motor.c BROWSE DEBUG OBJECTEXTEND

line level    source

   1          #include "reg52.h"
   2          
   3          sbit RightConlA = P3^2;
   4          sbit RightConlB = P3^3;
   5          
   6          sbit LeftConlA = P3^4;
   7          sbit LeftConlB = P3^5;
   8          
   9          
  10          void leftGoForward()
  11          {
  12   1          LeftConlA = 0;
  13   1          LeftConlB = 1;
  14   1      }
  15          
  16          void leftStop()
  17          {
  18   1          LeftConlA = 0;
  19   1          LeftConlB = 0;
  20   1      
  21   1      }
  22          
  23          
  24          void rightGoForward()
  25          {
  26   1          RightConlA = 0;
  27   1          RightConlB = 1;
  28   1      }
  29          
  30          
  31          void rightStop()
  32          {
  33   1          RightConlA = 0;
  34   1          RightConlB = 0;
  35   1      
  36   1      }
  37          
  38          
  39          
  40          void goLeft()
  41          {
  42   1          LeftConlA = 0;
  43   1          LeftConlB = 0;
  44   1          
  45   1          RightConlA = 0;
  46   1          RightConlB = 1;
  47   1      
  48   1      }
  49          
  50          
  51          void goRight()
  52          {
  53   1          LeftConlA = 0;
  54   1          LeftConlB = 1;
  55   1          
C51 COMPILER V9.52.0.0   MOTOR                                                             03/12/2024 20:24:08 PAGE 2   

  56   1          RightConlA = 0;
  57   1          RightConlB = 0;
  58   1      
  59   1      }
  60          
  61          
  62          
  63          void goForward()
  64          {
  65   1          LeftConlA = 0;
  66   1          LeftConlB = 1;
  67   1          
  68   1          RightConlA = 0;
  69   1          RightConlB = 1;
  70   1      
  71   1      }
  72          
  73          void goBack()
  74          {
  75   1          LeftConlA = 1;
  76   1          LeftConlB = 0;
  77   1          
  78   1          RightConlA = 1;
  79   1          RightConlB = 0;
  80   1      }
  81          
  82          
  83          void Stop()
  84          {
  85   1          LeftConlA = 0;
  86   1          LeftConlB = 0;
  87   1          
  88   1          RightConlA = 0;
  89   1          RightConlB = 0;
  90   1      }
  91          
  92          
  93          
  94          
  95          


MODULE INFORMATION:   STATIC OVERLAYABLE
   CODE SIZE        =     65    ----
   CONSTANT SIZE    =   ----    ----
   XDATA SIZE       =   ----    ----
   PDATA SIZE       =   ----    ----
   DATA SIZE        =   ----    ----
   IDATA SIZE       =   ----    ----
   BIT SIZE         =   ----    ----
END OF MODULE INFORMATION.


C51 COMPILATION COMPLETE.  0 WARNING(S),  0 ERROR(S)
