C51 COMPILER V9.52.0.0   TIME                                                              03/12/2024 20:24:09 PAGE 1   


C51 COMPILER V9.52.0.0, COMPILATION OF MODULE TIME
OBJECT MODULE PLACED IN time.OBJ
COMPILER INVOKED BY: D:\Program Files (x86)\Keil\C51\BIN\C51.EXE time.c BROWSE DEBUG OBJECTEXTEND

line level    source

   1          #include "reg52.h"
   2          #include "motor.h"
   3          
   4          char leftSpeed;
   5          char leftCnt = 0;
   6          
   7          char rightSpeed;
   8          char rightCnt = 0;
   9          
  10          void Time0Init()
  11          {
  12   1      //1.配置定时器0工作模式为16位计时
  13   1          TMOD = 0x01;
  14   1          //2.给初值，定一个10ms出来
  15   1          TL0 = 0x33;
  16   1          TH0 = 0XFE;
  17   1          //3.开始计时；
  18   1          TR0 = 1;
  19   1          TF0 = 0;
  20   1          //4.打开定时器0中断
  21   1          ET0 = 1;
  22   1          //5.打开总中断EA
  23   1          EA = 1;
  24   1      }
  25          
  26          void Time1Init()
  27          {
  28   1      //1.配置定时器1工作模式为16位计时
  29   1          TMOD &= 0x0F;
  30   1          TMOD |= 0x1 << 4;
  31   1          //2.给初值，定一个10ms出来
  32   1          TL1 = 0x33;
  33   1          TH1 = 0XFE;
  34   1          //3.开始计时；
  35   1          TR1 = 1;
  36   1          TF1 = 0;
  37   1          //4.打开定时器1中断
  38   1          ET1 = 1;
  39   1          //5.打开总中断EA
  40   1          EA = 1;
  41   1      }
  42          
  43          
  44          
  45          
  46          void Time0Handler() interrupt 1
  47          {
  48   1          
  49   1          leftCnt++; //统计爆表的次数  cnt=1的时候，爆表1
  50   1          
  51   1          //重新给初值
  52   1          TL0 = 0x33;
  53   1          TH0 = 0XFE;//重新给初值
  54   1          
  55   1          //控制PWM波
C51 COMPILER V9.52.0.0   TIME                                                              03/12/2024 20:24:09 PAGE 2   

  56   1          if (leftCnt < leftSpeed) {
  57   2              leftGoForward();
  58   2          }else {
  59   2              leftStop();
  60   2          }
  61   1          
  62   1          if (leftCnt == 40) {
  63   2              leftCnt = 0;//当100次表示1s,重新让cnt从0开始，计算下一次的1s
  64   2          }    
  65   1          
  66   1      }
  67          
  68          
  69          void Time1Handler() interrupt 3
  70          {
  71   1          
  72   1          rightCnt++; //统计爆表的次数  cnt=1的时候，爆表1
  73   1          
  74   1          //重新给初值
  75   1          TL1 = 0x33;
  76   1          TH1 = 0XFE;//重新给初值
  77   1          
  78   1          //控制PWM波
  79   1          if (rightCnt < rightSpeed) {
  80   2              rightGoForward();
  81   2          }else {
  82   2              rightStop();
  83   2          }
  84   1          
  85   1          if (rightCnt == 40) {
  86   2              rightCnt = 0;//当100次表示1s,重新让cnt从0开始，计算下一次的1s
  87   2          }    
  88   1          
  89   1      }


MODULE INFORMATION:   STATIC OVERLAYABLE
   CODE SIZE        =    225    ----
   CONSTANT SIZE    =   ----    ----
   XDATA SIZE       =   ----    ----
   PDATA SIZE       =   ----    ----
   DATA SIZE        =      4    ----
   IDATA SIZE       =   ----    ----
   BIT SIZE         =   ----    ----
END OF MODULE INFORMATION.


C51 COMPILATION COMPLETE.  0 WARNING(S),  0 ERROR(S)
