C51 COMPILER V9.52.0.0   UART                                                              03/12/2024 20:24:08 PAGE 1   


C51 COMPILER V9.52.0.0, COMPILATION OF MODULE UART
OBJECT MODULE PLACED IN uart.OBJ
COMPILER INVOKED BY: D:\Program Files (x86)\Keil\C51\BIN\C51.EXE uart.c BROWSE DEBUG OBJECTEXTEND

line level    source

   1          #include "reg52.h"
   2          #include "motor.h"
   3          #include "string.h"
   4          #define SIZE 12
   5          
   6          sfr AUXR = 0x8E;
   7          
   8          char buffer[SIZE];
   9          
  10          
  11          //void UartInit(void)
  12          //{
  13          //    AUXR = 0x01;
  14          //    SCON = 0x50; //配置串口工作方式1：REN能接受
  15          //    TMOD &= 0xF0;
  16          //    TMOD |= 0x20;//定时器1工作方式8位自动重装
  17          //    
  18          //    TH1 = 0xFD;// 
  19          //    TL1 = 0xFD;//9600波特率
  20          //    TR1 = 1;//启动定时器
  21          //    
  22          //    EA = 1;//开启总中断
  23          //    ES = 1;//开启串口中断
  24          //    
  25          //}
  26          
  27          
  28          ////M1前 M2后 M3左 M4右
  29          //void Uart_Handler() interrupt 4
  30          
  31          //{
  32          //    static int i = 0;//static 静态变量，被初始化一次，
  33          //    //在这个函数内相当与全局变量的作用，不会反复被执行初始化，区别是只
             -在这个函数内被调用
  34          //    char tmp;
  35          //    
  36          //    if (RI) {   //中断处理函数中，对于接收中断的响应
  37          //        RI = 0;//清除接收中断标志
  38          //        
  39          //        tmp = SBUF;
  40          //        if (tmp == 'M') {
  41          //            i = 0;
  42          //        }
  43          //        buffer[i++] = tmp;
  44          //         
  45          
  46          
  47          //        if (buffer[0] == 'M') {
  48          //            switch(buffer[1]) {
  49          //                case '1':
  50          //                    goForward();
  51          //                    Delay10ms();
  52          //                    break;
  53          //                case '2':
  54          //                    goBack();
C51 COMPILER V9.52.0.0   UART                                                              03/12/2024 20:24:08 PAGE 2   

  55          //                    Delay10ms();
  56          //                    break;
  57          //                case '3':
  58          //                    goLeft();
  59          //                    Delay10ms();
  60          //                    break;
  61          //                case '4':
  62          //                    goRight();
  63          //                    Delay10ms();
  64          //                    break;
  65          //                default:
  66          //                    Stop();
  67          //                    break;
  68          
  69          //            }
  70          //            
  71          //        }
  72          //        
  73          
  74          //    }
  75          //        if (i == 12) {
  76          //            memset(buffer, '\0', SIZE);
  77          //            i = 0;
  78          //        }
  79          //            
  80          //} 
  81              
  82          


MODULE INFORMATION:   STATIC OVERLAYABLE
   CODE SIZE        =   ----    ----
   CONSTANT SIZE    =   ----    ----
   XDATA SIZE       =   ----    ----
   PDATA SIZE       =   ----    ----
   DATA SIZE        =     12    ----
   IDATA SIZE       =   ----    ----
   BIT SIZE         =   ----    ----
END OF MODULE INFORMATION.


C51 COMPILATION COMPLETE.  0 WARNING(S),  0 ERROR(S)
