C51 COMPILER V9.52.0.0   MAIN                                                              03/13/2024 16:00:44 PAGE 1   


C51 COMPILER V9.52.0.0, COMPILATION OF MODULE MAIN
OBJECT MODULE PLACED IN main.OBJ
COMPILER INVOKED BY: D:\Program Files (x86)\Keil\C51\BIN\C51.EXE main.c BROWSE DEBUG OBJECTEXTEND

line level    source

   1          #include "reg52.h"
   2          #include "motor.h"
   3          #include "delay.h"
   4          #include "uart.h"
   5          #include "time.h"
   6          
   7          extern char leftSpeed;
   8          extern char rightSpeed;
   9          
  10          sbit leftSensor = P2^7;
  11          sbit rightSensor = P2^6;
  12          
  13          
  14          void main(void)
  15          {
  16   1          Time0Init();
  17   1          Time1Init();
  18   1          //UartInit();
  19   1          
  20   1          
  21   1          
  22   1          while (1) {
  23   2                     
  24   2              
  25   2              if (leftSensor == 0 && rightSensor == 0) {
  26   3                  leftSpeed = 18;
  27   3                  rightSpeed = 20;
  28   3              
  29   3              }
  30   2      
  31   2              if (leftSensor == 1 && rightSensor == 0) {
  32   3                  
  33   3                  leftSpeed = 15;
  34   3                  rightSpeed = 25;
  35   3              }
  36   2              
  37   2              if (leftSensor == 0 && rightSensor == 1) {
  38   3                  
  39   3                  rightSpeed = 15;
  40   3                  leftSpeed = 25;
  41   3              }       
  42   2              
  43   2              if (leftSensor == 1 && rightSensor == 1) {
  44   3                  Stop();
  45   3              } 
  46   2                      
  47   2              
  48   2          }
  49   1      
  50   1      }


MODULE INFORMATION:   STATIC OVERLAYABLE
   CODE SIZE        =     53    ----
   CONSTANT SIZE    =   ----    ----
C51 COMPILER V9.52.0.0   MAIN                                                              03/13/2024 16:00:44 PAGE 2   

   XDATA SIZE       =   ----    ----
   PDATA SIZE       =   ----    ----
   DATA SIZE        =   ----    ----
   IDATA SIZE       =   ----    ----
   BIT SIZE         =   ----    ----
END OF MODULE INFORMATION.


C51 COMPILATION COMPLETE.  0 WARNING(S),  0 ERROR(S)
