C51 COMPILER V9.52.0.0   TIME                                                              03/13/2024 16:00:45 PAGE 1   


C51 COMPILER V9.52.0.0, COMPILATION OF MODULE TIME
OBJECT MODULE PLACED IN time.OBJ
COMPILER INVOKED BY: D:\Program Files (x86)\Keil\C51\BIN\C51.EXE time.c BROWSE DEBUG OBJECTEXTEND

line level    source

   1          #include "reg52.h"
   2          #include "motor.h"
   3          
   4          char leftSpeed;
   5          char leftCnt = 0;
   6          
   7          char rightSpeed;
   8          char rightCnt = 0;
   9          
  10          
  11          void Time0Init()
  12          {
  13   1      //1.配置定时器0工作模式为16位计时
  14   1          TMOD = 0x01;
  15   1          //2.给初值，定一个10ms出来
  16   1          TL0 = 0x33;
  17   1          TH0 = 0XFE;
  18   1          //3.开始计时；
  19   1          TR0 = 1;
  20   1          TF0 = 0;
  21   1          //4.打开定时器0中断
  22   1          ET0 = 1;
  23   1          //5.打开总中断EA
  24   1          EA = 1;
  25   1      }
  26          
  27          void Time1Init()
  28          {
  29   1      //1.配置定时器1工作模式为16位计时
  30   1          TMOD &= 0x0F;
  31   1          TMOD |= 0x1 << 4;
  32   1          //2.给初值，定一个10ms出来
  33   1          TL1 = 0x33;
  34   1          TH1 = 0XFE;
  35   1          //3.开始计时；
  36   1          TR1 = 1;
  37   1          TF1 = 0;
  38   1          //4.打开定时器1中断
  39   1          ET1 = 1;
  40   1          //5.打开总中断EA
  41   1          EA = 1;
  42   1      }
  43          
  44          
  45          
  46          
  47          void Time0Handler() interrupt 1
  48          {
  49   1          
  50   1          leftCnt++; //统计爆表的次数  cnt=1的时候，爆表1
  51   1          
  52   1          //重新给初值
  53   1          TL0 = 0x33;
  54   1          TH0 = 0XFE;//重新给初值
  55   1          
C51 COMPILER V9.52.0.0   TIME                                                              03/13/2024 16:00:45 PAGE 2   

  56   1          //控制PWM波
  57   1          if (leftCnt < leftSpeed) {
  58   2              leftGoForward();
  59   2          }else {
  60   2              leftStop();
  61   2          }
  62   1          
  63   1          if (leftCnt == 40) {
  64   2              leftCnt = 0;//当100次表示1s,重新让cnt从0开始，计算下一次的1s
  65   2          }    
  66   1          
  67   1      }
  68          
  69          
  70          void Time1Handler() interrupt 3
  71          {
  72   1          
  73   1          rightCnt++; //统计爆表的次数  cnt=1的时候，爆表1
  74   1          
  75   1          //重新给初值
  76   1          TL1 = 0x33;
  77   1          TH1 = 0XFE;//重新给初值
  78   1          
  79   1          //控制PWM波
  80   1          if (rightCnt < rightSpeed) {
  81   2              rightGoForward();
  82   2          }else {
  83   2              rightStop();
  84   2          }
  85   1          
  86   1          if (rightCnt == 40) {
  87   2              rightCnt = 0;//当100次表示1s,重新让cnt从0开始，计算下一次的1s
  88   2          }    
  89   1          
  90   1      }


MODULE INFORMATION:   STATIC OVERLAYABLE
   CODE SIZE        =    225    ----
   CONSTANT SIZE    =   ----    ----
   XDATA SIZE       =   ----    ----
   PDATA SIZE       =   ----    ----
   DATA SIZE        =      4    ----
   IDATA SIZE       =   ----    ----
   BIT SIZE         =   ----    ----
END OF MODULE INFORMATION.


C51 COMPILATION COMPLETE.  0 WARNING(S),  0 ERROR(S)
