C51 COMPILER V9.52.0.0   MAIN                                                              03/12/2024 17:35:41 PAGE 1   


C51 COMPILER V9.52.0.0, COMPILATION OF MODULE MAIN
OBJECT MODULE PLACED IN main.OBJ
COMPILER INVOKED BY: D:\Program Files (x86)\Keil\C51\BIN\C51.EXE main.c BROWSE DEBUG OBJECTEXTEND

line level    source

   1          #include "reg52.h"
   2          #include "motor.h"
   3          #include "delay.h"
   4          #include "uart.h"
   5          #include "time.h"
   6          
   7          extern char speed;
   8          
   9          void main(void)
  10          {
  11   1          Time0Init();
  12   1          
  13   1          //UartInit();
  14   1          
  15   1          
  16   1          
  17   1          while (1) {
  18   2              speed = 10; //10份全速运行，30份停止，所以慢。20ms是40份的500μs
  19   2              Delay1000ms();
  20   2              Delay1000ms();
  21   2              
  22   2              speed = 20;
  23   2              Delay1000ms();
  24   2              Delay1000ms();
  25   2              
  26   2              speed = 40;
  27   2              Delay1000ms();
  28   2              Delay1000ms();
  29   2              
  30   2              
  31   2              
  32   2          }
  33   1      
  34   1      }


MODULE INFORMATION:   STATIC OVERLAYABLE
   CODE SIZE        =     32    ----
   CONSTANT SIZE    =   ----    ----
   XDATA SIZE       =   ----    ----
   PDATA SIZE       =   ----    ----
   DATA SIZE        =   ----    ----
   IDATA SIZE       =   ----    ----
   BIT SIZE         =   ----    ----
END OF MODULE INFORMATION.


C51 COMPILATION COMPLETE.  0 WARNING(S),  0 ERROR(S)
