C51 COMPILER V9.52.0.0   TIME                                                              03/12/2024 17:35:41 PAGE 1   


C51 COMPILER V9.52.0.0, COMPILATION OF MODULE TIME
OBJECT MODULE PLACED IN time.OBJ
COMPILER INVOKED BY: D:\Program Files (x86)\Keil\C51\BIN\C51.EXE time.c BROWSE DEBUG OBJECTEXTEND

line level    source

   1          #include "reg52.h"
   2          #include "motor.h"
   3          
   4          char speed;
   5          char cnt = 0;
   6          
   7          void Time0Init()
   8          {
   9   1      //1.配置定时器0工作模式为16位计时
  10   1          TMOD = 0x01;
  11   1          //2.给初值，定一个10ms出来
  12   1          TL0 = 0x33;
  13   1          TH0 = 0XFE;
  14   1          //3.开始计时；
  15   1          TR0 = 1;
  16   1          TF0 = 0;
  17   1          //4.打开定时器1中断
  18   1          ET0 = 1;
  19   1          //5.打开总中断EA
  20   1          EA = 1;
  21   1      }
  22          
  23          void Time0Handler() interrupt 1
  24          {
  25   1          
  26   1          cnt++; //统计爆表的次数  cnt=1的时候，爆表1
  27   1          
  28   1          //重新给初值
  29   1          TL0 = 0x33;
  30   1          TH0 = 0XFE;//重新给初值
  31   1          
  32   1          //控制PWM波
  33   1          if (cnt < speed) {
  34   2              goForward();
  35   2          }else {
  36   2              Stop();
  37   2          }
  38   1          
  39   1          if (cnt == 40) {
  40   2              cnt = 0;//当100次表示1s,重新让cnt从0开始，计算下一次的1s
  41   2          }    
  42   1          
  43   1      }


MODULE INFORMATION:   STATIC OVERLAYABLE
   CODE SIZE        =    111    ----
   CONSTANT SIZE    =   ----    ----
   XDATA SIZE       =   ----    ----
   PDATA SIZE       =   ----    ----
   DATA SIZE        =      2    ----
   IDATA SIZE       =   ----    ----
   BIT SIZE         =   ----    ----
END OF MODULE INFORMATION.


C51 COMPILATION COMPLETE.  0 WARNING(S),  0 ERROR(S)
