C51 COMPILER V9.52.0.0   MAIN                                                              03/20/2022 20:19:27 PAGE 1   


C51 COMPILER V9.52.0.0, COMPILATION OF MODULE MAIN
OBJECT MODULE PLACED IN main.OBJ
COMPILER INVOKED BY: D:\Program Files (x86)\Keil\C51\BIN\C51.EXE main.c BROWSE DEBUG OBJECTEXTEND TABS(2)

line level    source

   1          #include "reg52.h"
   2          #include "hc04.h"
   3          #include "delay.h"
   4          #include "sg90.h"
   5          #include "motor.h"
   6          
   7          #define MIDDLE 0
   8          #define LEFT 1
   9          #define RIGHT 2
  10          
  11          void main()
  12          {
  13   1        char dir;
  14   1        
  15   1        double disMiddle;
  16   1        double disLeft;
  17   1        double disRight;
  18   1        
  19   1        Time0Init();
  20   1        Time1Init();
  21   1        //舵机的初始位置
  22   1      
  23   1        sgMiddle();
  24   1        Delay300ms();
  25   1        Delay300ms();
  26   1        dir = MIDDLE;
  27   1        
  28   1        while(1){
  29   2          
  30   2          if(dir != MIDDLE){
  31   3            sgMiddle();
  32   3            dir = MIDDLE;
  33   3            Delay300ms();
  34   3          }
  35   2          disMiddle = get_distance();
  36   2          
  37   2          if(disMiddle > 35){
  38   3            //前进
  39   3            goForward();
  40   3          }else if(disMiddle < 10){
  41   3            goBack();
  42   3            
  43   3          }else
  44   2          {
  45   3            //停止
  46   3            stop();
  47   3            //测左边距离
  48   3            sgLeft();
  49   3            Delay300ms();
  50   3            disLeft = get_distance();
  51   3            
  52   3            sgMiddle();
  53   3            Delay300ms();
  54   3            
  55   3            sgRight();
C51 COMPILER V9.52.0.0   MAIN                                                              03/20/2022 20:19:27 PAGE 2   

  56   3            dir = RIGHT;
  57   3            Delay300ms();
  58   3            disRight = get_distance();
  59   3            
  60   3            if(disLeft < disRight){
  61   4              goRight();
  62   4              Delay150ms();
  63   4              stop();
  64   4            }
  65   3            if(disRight < disLeft){
  66   4              goLeft();
  67   4              Delay150ms();
  68   4              stop();
  69   4            }
  70   3          }
  71   2          
  72   2        }
  73   1      }
  74          
  75          
  76          
  77          
  78          
  79          


MODULE INFORMATION:   STATIC OVERLAYABLE
   CODE SIZE        =    198    ----
   CONSTANT SIZE    =   ----    ----
   XDATA SIZE       =   ----    ----
   PDATA SIZE       =   ----    ----
   DATA SIZE        =   ----      13
   IDATA SIZE       =   ----    ----
   BIT SIZE         =   ----    ----
END OF MODULE INFORMATION.


C51 COMPILATION COMPLETE.  0 WARNING(S),  0 ERROR(S)
